Base path: C:/Program Files (x86)/Unity/Editor/Data
Pipe name: \\.\pipe\UnityShaderCompiler-1-18292
Cmd: getPlatforms
Cmd: preprocess
  insize=2985 outsize=566 ok=1
Cmd: compileSnippet
  api=4 type=0 insize=2723 outsize=3882 kw= ok=1
Cmd: compileSnippet
  api=4 type=1 insize=2723 outsize=3500 kw= ok=1
Cmd: preprocess
  insize=2121 outsize=775 ok=1
Cmd: compileSnippet
  api=4 type=0 insize=1191 outsize=2249 kw= ok=1
Cmd: compileSnippet
  api=4 type=1 insize=1191 outsize=795 kw= ok=1
Cmd: preprocess
  insize=2002 outsize=2316 ok=1
Cmd: compileSnippet
  api=4 type=0 insize=5516 outsize=5247 kw=DIRECTIONAL SHADOWS_OFF LIGHTMAP_OFF DIRLIGHTMAP_OFF ok=1
Cmd: compileSnippet
  api=4 type=1 insize=5516 outsize=2785 kw=DIRECTIONAL SHADOWS_OFF LIGHTMAP_OFF DIRLIGHTMAP_OFF ok=1
Cmd: compileSnippet
  api=4 type=0 insize=3436 outsize=5247 kw=POINT ok=1
Cmd: compileSnippet
  api=4 type=1 insize=3436 outsize=3086 kw=POINT ok=1
Cmd: compileSnippet
  api=4 type=0 insize=2880 outsize=3395 kw= ok=1
Cmd: compileSnippet
  api=4 type=1 insize=2880 outsize=1038 kw= ok=1
Cmd: compileSnippet
  api=4 type=0 insize=5145 outsize=5580 kw=LIGHTMAP_OFF DIRLIGHTMAP_OFF HDR_LIGHT_PREPASS_OFF ok=1
Cmd: compileSnippet
  api=4 type=1 insize=5145 outsize=2728 kw=LIGHTMAP_OFF DIRLIGHTMAP_OFF HDR_LIGHT_PREPASS_OFF ok=1
Cmd: compileSnippet
  api=4 type=0 insize=2693 outsize=3346 kw=SHADOWS_DEPTH ok=1
Cmd: compileSnippet
  api=4 type=1 insize=2693 outsize=868 kw=SHADOWS_DEPTH ok=1
Cmd: preprocess
  insize=8353 outsize=2018 ok=1
Cmd: compileSnippet
  api=4 type=0 insize=972 outsize=4264 kw= ok=1
Cmd: compileSnippet
  api=4 type=1 insize=972 outsize=1453 kw= ok=1
Cmd: compileSnippet
  api=4 type=0 insize=627 outsize=1697 kw= ok=1
Cmd: compileSnippet
  api=4 type=1 insize=627 outsize=965 kw= ok=1
Cmd: compileSnippet
  api=4 type=0 insize=878 outsize=1916 kw= ok=1
Cmd: compileSnippet
  api=4 type=1 insize=878 outsize=1380 kw= ok=1
Cmd: compileSnippet
  api=4 type=0 insize=792 outsize=4427 kw= ok=1
Cmd: compileSnippet
  api=4 type=1 insize=792 outsize=1014 kw= ok=1
Cmd: compileSnippet
  api=4 type=0 insize=910 outsize=5296 kw= ok=1
Cmd: compileSnippet
  api=4 type=1 insize=910 outsize=1355 kw= ok=1
Cmd: compileSnippet
  api=4 type=0 insize=788 outsize=2533 kw= ok=1
Cmd: compileSnippet
  api=4 type=1 insize=788 outsize=965 kw= ok=1
Cmd: compileSnippet
  api=4 type=0 insize=987 outsize=2737 kw= ok=1
Cmd: compileSnippet
  api=4 type=1 insize=987 outsize=1355 kw= ok=1
Cmd: compileSnippet
  api=4 type=0 insize=992 outsize=2785 kw= ok=1
Cmd: compileSnippet
  api=4 type=1 insize=992 outsize=1355 kw= ok=1
Cmd: compileSnippet
  api=4 type=0 insize=885 outsize=2696 kw= ok=1
Cmd: compileSnippet
  api=4 type=1 insize=885 outsize=1307 kw= ok=1
Cmd: compileSnippet
  api=4 type=0 insize=959 outsize=4784 kw= ok=1
Cmd: compileSnippet
  api=4 type=1 insize=959 outsize=1453 kw= ok=1
Cmd: compileSnippet
  api=4 type=0 insize=911 outsize=4467 kw= ok=1
Cmd: compileSnippet
  api=4 type=1 insize=911 outsize=1453 kw= ok=1
Cmd: preprocess
  insize=4995 outsize=1815 ok=1
Cmd: compileSnippet
  error: 2 plat 4 at (40): 'vert': output parameter 'o' not completely initialized
  error: 1 plat 4 at (130): implicit truncation of vector type
  error: 1 plat 4 at (136): implicit truncation of vector type
  error: 1 plat 4 at (249): implicit truncation of vector type
  api=4 type=0 insize=9500 outsize=0 kw=DIRECTIONAL SHADOWS_OFF LIGHTMAP_OFF DIRLIGHTMAP_OFF ok=0
Cmd: preprocess
  insize=6789 outsize=2909 ok=1
Cmd: compileSnippet
  api=4 type=0 insize=6521 outsize=8912 kw=DIRECTIONAL SHADOWS_OFF LIGHTMAP_OFF DIRLIGHTMAP_OFF ok=1
Cmd: compileSnippet
  api=4 type=1 insize=6521 outsize=5605 kw=DIRECTIONAL SHADOWS_OFF LIGHTMAP_OFF DIRLIGHTMAP_OFF ok=1
Cmd: compileSnippet
  api=4 type=0 insize=4295 outsize=8546 kw=POINT ok=1
Cmd: compileSnippet
  api=4 type=1 insize=4295 outsize=5930 kw=POINT ok=1
Cmd: compileSnippet
  api=4 type=0 insize=1201 outsize=4825 kw=SHADOWS_DEPTH ok=1
Cmd: compileSnippet
  api=4 type=1 insize=1201 outsize=868 kw=SHADOWS_DEPTH ok=1
Cmd: preprocess
  insize=3399 outsize=667 ok=1
Cmd: compileSnippet
  api=4 type=0 insize=3036 outsize=6238 kw= ok=1
Cmd: compileSnippet
  api=4 type=1 insize=3036 outsize=3915 kw= ok=1
Cmd: preprocess
  insize=1873 outsize=1261 ok=1
Cmd: compileSnippet
  error: 2 plat 4 at (65): incorrect number of arguments to numeric-type constructor
  api=4 type=0 insize=6195 outsize=0 kw=DIRECTIONAL SHADOWS_OFF LIGHTMAP_OFF DIRLIGHTMAP_OFF ok=0
Cmd: preprocess
  insize=2874 outsize=2489 ok=1
Cmd: compileSnippet
  api=4 type=0 insize=6577 outsize=6726 kw=DIRECTIONAL SHADOWS_OFF LIGHTMAP_OFF DIRLIGHTMAP_OFF ok=1
Cmd: compileSnippet
  api=4 type=1 insize=6577 outsize=4890 kw=DIRECTIONAL SHADOWS_OFF LIGHTMAP_OFF DIRLIGHTMAP_OFF ok=1
Cmd: compileSnippet
  api=4 type=0 insize=4175 outsize=6360 kw=POINT ok=1
Cmd: compileSnippet
  api=4 type=1 insize=4175 outsize=5215 kw=POINT ok=1
Cmd: compileSnippet
  api=4 type=0 insize=4081 outsize=5694 kw= ok=1
Cmd: compileSnippet
  api=4 type=1 insize=4081 outsize=3053 kw= ok=1
Cmd: compileSnippet
  api=4 type=0 insize=6018 outsize=5475 kw=LIGHTMAP_OFF DIRLIGHTMAP_OFF HDR_LIGHT_PREPASS_OFF ok=1
Cmd: compileSnippet
  api=4 type=1 insize=6018 outsize=3224 kw=LIGHTMAP_OFF DIRLIGHTMAP_OFF HDR_LIGHT_PREPASS_OFF ok=1
Cmd: compileSnippet
  api=4 type=0 insize=3321 outsize=3744 kw=SHADOWS_DEPTH ok=1
Cmd: compileSnippet
  api=4 type=1 insize=3321 outsize=437 kw=SHADOWS_DEPTH ok=1
Cmd: preprocess
  insize=7543 outsize=1912 ok=1
Cmd: compileSnippet
  api=4 type=0 insize=980 outsize=3484 kw= ok=1
Cmd: compileSnippet
  api=4 type=1 insize=980 outsize=965 kw= ok=1
Cmd: compileSnippet
  api=4 type=0 insize=636 outsize=892 kw= ok=1
Cmd: compileSnippet
  api=4 type=1 insize=636 outsize=437 kw= ok=1
Cmd: compileSnippet
  api=4 type=0 insize=888 outsize=1136 kw= ok=1
Cmd: compileSnippet
  api=4 type=1 insize=888 outsize=892 kw= ok=1
Cmd: compileSnippet
  api=4 type=0 insize=746 outsize=3403 kw= ok=1
Cmd: compileSnippet
  api=4 type=1 insize=746 outsize=437 kw= ok=1
Cmd: compileSnippet
  api=4 type=0 insize=908 outsize=4435 kw= ok=1
Cmd: compileSnippet
  api=4 type=1 insize=908 outsize=868 kw= ok=1
Cmd: compileSnippet
  api=4 type=0 insize=771 outsize=1680 kw= ok=1
Cmd: compileSnippet
  api=4 type=1 insize=771 outsize=437 kw= ok=1
Cmd: compileSnippet
  api=4 type=0 insize=970 outsize=1908 kw= ok=1
Cmd: compileSnippet
  api=4 type=1 insize=970 outsize=868 kw= ok=1
Cmd: compileSnippet
  api=4 type=0 insize=902 outsize=2103 kw= ok=1
Cmd: compileSnippet
  api=4 type=1 insize=902 outsize=819 kw= ok=1
Cmd: compileSnippet
  api=4 type=0 insize=970 outsize=4004 kw= ok=1
Cmd: compileSnippet
  api=4 type=1 insize=970 outsize=965 kw= ok=1
Cmd: compileSnippet
  api=4 type=0 insize=919 outsize=3687 kw= ok=1
Cmd: compileSnippet
  api=4 type=1 insize=919 outsize=965 kw= ok=1
Cmd: preprocess
  insize=2350 outsize=2342 ok=1
Cmd: compileSnippet
  api=4 type=0 insize=5856 outsize=5767 kw=DIRECTIONAL SHADOWS_OFF LIGHTMAP_OFF DIRLIGHTMAP_OFF ok=1
Cmd: compileSnippet
  api=4 type=1 insize=5856 outsize=2802 kw=DIRECTIONAL SHADOWS_OFF LIGHTMAP_OFF DIRLIGHTMAP_OFF ok=1
Cmd: compileSnippet
  api=4 type=0 insize=3776 outsize=5767 kw=POINT ok=1
Cmd: compileSnippet
  api=4 type=1 insize=3776 outsize=3086 kw=POINT ok=1
Cmd: compileSnippet
  api=4 type=0 insize=3220 outsize=3663 kw= ok=1
Cmd: compileSnippet
  api=4 type=1 insize=3220 outsize=1038 kw= ok=1
Cmd: compileSnippet
  api=4 type=0 insize=5485 outsize=6100 kw=LIGHTMAP_OFF DIRLIGHTMAP_OFF HDR_LIGHT_PREPASS_OFF ok=1
Cmd: compileSnippet
  api=4 type=1 insize=5485 outsize=2745 kw=LIGHTMAP_OFF DIRLIGHTMAP_OFF HDR_LIGHT_PREPASS_OFF ok=1
Cmd: compileSnippet
  api=4 type=0 insize=3033 outsize=3614 kw=SHADOWS_DEPTH ok=1
Cmd: compileSnippet
  api=4 type=1 insize=3033 outsize=868 kw=SHADOWS_DEPTH ok=1
Cmd: compileSnippet
  api=4 type=0 insize=4175 outsize=5597 kw=DIRECTIONAL ok=1
Cmd: compileSnippet
  api=4 type=1 insize=4175 outsize=4711 kw=DIRECTIONAL ok=1
Cmd: compileSnippet
  api=4 type=0 insize=4295 outsize=7782 kw=DIRECTIONAL ok=1
Cmd: compileSnippet
  api=4 type=1 insize=4295 outsize=5458 kw=DIRECTIONAL ok=1
Cmd: compileSnippet
  api=4 type=0 insize=2738 outsize=5345 kw=SHADOWS_SPLIT_SPHERES SHADOWS_NATIVE ok=1
Cmd: compileSnippet
  api=4 type=1 insize=2738 outsize=3427 kw=SHADOWS_SPLIT_SPHERES SHADOWS_NATIVE ok=1
Cmd: compileSnippet
  api=4 type=0 insize=1738 outsize=7538 kw=SHADOWS_SPLIT_SPHERES SHADOWS_NATIVE ok=1
Cmd: compileSnippet
  api=4 type=1 insize=1738 outsize=3988 kw=SHADOWS_SPLIT_SPHERES SHADOWS_NATIVE ok=1
Cmd: compileSnippet
  api=4 type=0 insize=3366 outsize=5735 kw=SHADOWS_SPLIT_SPHERES SHADOWS_NATIVE ok=1
Cmd: compileSnippet
  api=4 type=1 insize=3366 outsize=3037 kw=SHADOWS_SPLIT_SPHERES SHADOWS_NATIVE ok=1
Cmd: compileSnippet
  api=4 type=0 insize=6521 outsize=9326 kw=DIRECTIONAL SHADOWS_SCREEN LIGHTMAP_OFF DIRLIGHTMAP_OFF ok=1
Cmd: compileSnippet
  api=4 type=1 insize=6521 outsize=6019 kw=DIRECTIONAL SHADOWS_SCREEN LIGHTMAP_OFF DIRLIGHTMAP_OFF ok=1
Cmd: compileSnippet
  api=4 type=0 insize=6577 outsize=7140 kw=DIRECTIONAL SHADOWS_SCREEN LIGHTMAP_OFF DIRLIGHTMAP_OFF ok=1
Cmd: compileSnippet
  api=4 type=1 insize=6577 outsize=5207 kw=DIRECTIONAL SHADOWS_SCREEN LIGHTMAP_OFF DIRLIGHTMAP_OFF ok=1
Cmd: compileSnippet
  api=4 type=0 insize=5516 outsize=5694 kw=DIRECTIONAL SHADOWS_SCREEN LIGHTMAP_OFF DIRLIGHTMAP_OFF ok=1
Cmd: compileSnippet
  api=4 type=1 insize=5516 outsize=3045 kw=DIRECTIONAL SHADOWS_SCREEN LIGHTMAP_OFF DIRLIGHTMAP_OFF ok=1
Cmd: preprocess
  insize=2985 outsize=566 ok=1
Cmd: preprocess
  insize=2121 outsize=775 ok=1
Cmd: preprocess
  insize=2002 outsize=2316 ok=1
Cmd: preprocess
  insize=8353 outsize=2018 ok=1
Cmd: preprocess
  insize=4995 outsize=1815 ok=1
Cmd: compileSnippet
  error: 2 plat 4 at (40): 'vert': output parameter 'o' not completely initialized
  error: 1 plat 4 at (130): implicit truncation of vector type
  error: 1 plat 4 at (136): implicit truncation of vector type
  error: 1 plat 4 at (249): implicit truncation of vector type
  api=4 type=0 insize=9500 outsize=0 kw=DIRECTIONAL SHADOWS_OFF LIGHTMAP_OFF DIRLIGHTMAP_OFF ok=0
Cmd: preprocess
  insize=6789 outsize=2909 ok=1
Cmd: preprocess
  insize=3399 outsize=667 ok=1
Cmd: preprocess
  insize=1873 outsize=1261 ok=1
Cmd: compileSnippet
  error: 2 plat 4 at (65): incorrect number of arguments to numeric-type constructor
  api=4 type=0 insize=6195 outsize=0 kw=DIRECTIONAL SHADOWS_OFF LIGHTMAP_OFF DIRLIGHTMAP_OFF ok=0
Cmd: preprocess
  insize=2874 outsize=2489 ok=1
Cmd: preprocess
  insize=7543 outsize=1912 ok=1
Cmd: preprocess
  insize=2350 outsize=2342 ok=1
Cmd: preprocess
  insize=2068 outsize=2622 ok=1
Cmd: compileSnippet
  api=4 type=0 insize=5262 outsize=5662 kw=DIRECTIONAL SHADOWS_OFF LIGHTMAP_OFF DIRLIGHTMAP_OFF ok=1
Cmd: compileSnippet
  api=4 type=1 insize=5262 outsize=1688 kw=DIRECTIONAL SHADOWS_OFF LIGHTMAP_OFF DIRLIGHTMAP_OFF ok=1
Cmd: compileSnippet
  api=4 type=0 insize=3200 outsize=5621 kw=POINT ok=1
Cmd: compileSnippet
  api=4 type=1 insize=3200 outsize=1989 kw=POINT ok=1
Cmd: compileSnippet
  api=4 type=0 insize=2754 outsize=3630 kw= ok=1
Cmd: compileSnippet
  api=4 type=1 insize=2754 outsize=1160 kw= ok=1
Cmd: compileSnippet
  api=4 type=0 insize=4905 outsize=5995 kw=LIGHTMAP_OFF DIRLIGHTMAP_OFF HDR_LIGHT_PREPASS_OFF ok=1
Cmd: compileSnippet
  api=4 type=1 insize=4905 outsize=1632 kw=LIGHTMAP_OFF DIRLIGHTMAP_OFF HDR_LIGHT_PREPASS_OFF ok=1
Cmd: compileSnippet
  api=4 type=0 insize=2567 outsize=3582 kw=SHADOWS_DEPTH ok=1
Cmd: compileSnippet
  api=4 type=1 insize=2567 outsize=990 kw=SHADOWS_DEPTH ok=1
Cmd: preprocess
  insize=694253 outsize=694253 ok=1
Cmd: preprocess
  insize=2020 outsize=2913 ok=1
Cmd: compileSnippet
  api=4 type=0 insize=4793 outsize=5304 kw=DIRECTIONAL SHADOWS_OFF LIGHTMAP_OFF DIRLIGHTMAP_OFF ok=1
Cmd: compileSnippet
  api=4 type=1 insize=4793 outsize=1567 kw=DIRECTIONAL SHADOWS_OFF LIGHTMAP_OFF DIRLIGHTMAP_OFF ok=1
Cmd: compileSnippet
  api=4 type=0 insize=2744 outsize=5263 kw=POINT ok=1
Cmd: compileSnippet
  api=4 type=1 insize=2744 outsize=1851 kw=POINT ok=1
Cmd: compileSnippet
  api=4 type=0 insize=2375 outsize=4394 kw= ok=1
Cmd: compileSnippet
  api=4 type=1 insize=2375 outsize=1136 kw= ok=1
Cmd: compileSnippet
  api=4 type=0 insize=4453 outsize=5637 kw=LIGHTMAP_OFF DIRLIGHTMAP_OFF HDR_LIGHT_PREPASS_OFF ok=1
Cmd: compileSnippet
  api=4 type=1 insize=4453 outsize=1510 kw=LIGHTMAP_OFF DIRLIGHTMAP_OFF HDR_LIGHT_PREPASS_OFF ok=1
Cmd: compileSnippet
  api=4 type=0 insize=2188 outsize=4345 kw=SHADOWS_DEPTH ok=1
Cmd: compileSnippet
  api=4 type=1 insize=2188 outsize=965 kw=SHADOWS_DEPTH ok=1
Cmd: compileSnippet
  api=4 type=0 insize=2744 outsize=4548 kw=DIRECTIONAL ok=1
Cmd: compileSnippet
  api=4 type=1 insize=2744 outsize=1437 kw=DIRECTIONAL ok=1
